<?xml version="1.0" encoding="UTF-8"?>
<!-- Generated by org.testng.reporters.JUnitReportReporter -->
<testsuite hostname="DESKTOP-PT84KK4" failures="0" tests="5" name="Testcases.Working_with_demowebshop" time="48.079" errors="0" timestamp="2022-11-14T15:40:50 IST" skipped="0">
  <testcase classname="Testcases.Working_with_demowebshop" name="demo" time="13.515"/>
  <system-out/>
  <testcase classname="Testcases.Working_with_demowebshop" name="demo" time="9.961"/>
  <system-out/>
  <testcase classname="Testcases.Working_with_demowebshop" name="demo" time="7.697"/>
  <system-out/>
  <testcase classname="Testcases.Working_with_demowebshop" name="demo" time="8.836"/>
  <system-out/>
  <testcase classname="Testcases.Working_with_demowebshop" name="demo" time="8.070"/>
  <system-out/>
</testsuite> <!-- Testcases.Working_with_demowebshop -->
