<?xml version="1.0" encoding="UTF-8"?>
<!-- Generated by org.testng.reporters.JUnitReportReporter -->
<testsuite hostname="DESKTOP-PT84KK4" failures="0" tests="3" name="Test_NG_Basics.exclude_methods" time="0.022" errors="0" timestamp="2022-11-10T12:46:12 IST" skipped="0">
  <testcase classname="Test_NG_Basics.exclude_methods" name="Login" time="0.015"/>
  <system-out/>
  <testcase classname="Test_NG_Basics.exclude_methods" name="Register" time="0.003"/>
  <system-out/>
  <testcase classname="Test_NG_Basics.exclude_methods" name="logout" time="0.004"/>
  <system-out/>
</testsuite> <!-- Test_NG_Basics.exclude_methods -->
