<?xml version="1.0" encoding="UTF-8"?>
<!-- Generated by org.testng.reporters.JUnitReportReporter -->
<testsuite hostname="DESKTOP-PT84KK4" failures="0" tests="1" name="Test_NG_Basics.Working_with_priority" time="0.002" errors="0" timestamp="2022-11-10T16:32:18 IST" skipped="0">
  <testcase classname="Test_NG_Basics.Working_with_priority" name="wishlist" time="0.002"/>
  <system-out/>
</testsuite> <!-- Test_NG_Basics.Working_with_priority -->
