<?xml version="1.0" encoding="UTF-8"?>
<!-- Generated by org.testng.reporters.JUnitReportReporter -->
<testsuite hostname="DESKTOP-PT84KK4" failures="0" tests="1" name="POM_Testcases.DWS_apparel_Test" time="1.221" errors="0" timestamp="2022-11-21T16:02:40 IST" skipped="0">
  <testcase classname="POM_Testcases.DWS_apparel_Test" name="TC09" time="1.221"/>
  <system-out/>
</testsuite> <!-- POM_Testcases.DWS_apparel_Test -->
