<?xml version="1.0" encoding="UTF-8"?>
<!-- Generated by org.testng.reporters.JUnitReportReporter -->
<testsuite hostname="DESKTOP-PT84KK4" failures="0" tests="1" name="POM_Testcases.DWS_Advance_Search_Test$DWS_advanceserch_Test" time="0.000" errors="0" timestamp="2022-11-21T13:54:58 IST" skipped="1">
  <testcase classname="POM_Testcases.DWS_Advance_Search_Test$DWS_advanceserch_Test" name="TC04" time="0.000">
    <skipped/>
  </testcase> <!-- TC04 -->
  <system-out/>
</testsuite> <!-- POM_Testcases.DWS_Advance_Search_Test$DWS_advanceserch_Test -->
