<?xml version="1.0" encoding="UTF-8"?>
<!-- Generated by org.testng.reporters.JUnitReportReporter -->
<testsuite hostname="DESKTOP-PT84KK4" failures="0" tests="1" name="Testcases.computers_accessories_TC" time="1.750" errors="0" timestamp="2022-11-16T20:50:20 IST" skipped="0">
  <testcase classname="Testcases.computers_accessories_TC" name="accessories" time="1.750"/>
  <system-out/>
</testsuite> <!-- Testcases.computers_accessories_TC -->
