<?xml version="1.0" encoding="UTF-8"?>
<!-- Generated by org.testng.reporters.JUnitReportReporter -->
<testsuite hostname="DESKTOP-PT84KK4" failures="0" tests="1" name="Testcases.Search_TC" time="1.222" errors="0" timestamp="2022-11-16T20:50:20 IST" skipped="0">
  <testcase classname="Testcases.Search_TC" name="demo" time="1.222"/>
  <system-out/>
</testsuite> <!-- Testcases.Search_TC -->
