<?xml version="1.0" encoding="UTF-8"?>
<!-- Generated by org.testng.reporters.JUnitReportReporter -->
<testsuite hostname="DESKTOP-PT84KK4" failures="0" tests="3" name="Test_NG_Basics.Working_with_groups" time="0.023" errors="0" timestamp="2022-11-10T16:32:18 IST" skipped="0">
  <testcase classname="Test_NG_Basics.Working_with_groups" name="Register" time="0.018"/>
  <system-out/>
  <testcase classname="Test_NG_Basics.Working_with_groups" name="Login" time="0.003"/>
  <system-out/>
  <testcase classname="Test_NG_Basics.Working_with_groups" name="search" time="0.002"/>
  <system-out/>
</testsuite> <!-- Test_NG_Basics.Working_with_groups -->
