<?xml version="1.0" encoding="UTF-8"?>
<!-- Generated by org.testng.reporters.JUnitReportReporter -->
<testsuite hostname="DESKTOP-PT84KK4" failures="0" tests="1" name="Testcases.Dropdowns" time="2.562" errors="0" timestamp="2022-11-14T21:26:48 IST" skipped="0">
  <testcase classname="Testcases.Dropdowns" name="demo" time="2.562"/>
  <system-out/>
</testsuite> <!-- Testcases.Dropdowns -->
