<?xml version="1.0" encoding="UTF-8"?>
<!-- Generated by org.testng.reporters.JUnitReportReporter -->
<testsuite hostname="DESKTOP-PT84KK4" failures="0" tests="1" name="POM_Testcases.DWS_apparel" time="1.201" errors="0" timestamp="2022-11-19T14:42:14 IST" skipped="0">
  <testcase classname="POM_Testcases.DWS_apparel" name="TC09" time="1.201"/>
  <system-out/>
</testsuite> <!-- POM_Testcases.DWS_apparel -->
