<?xml version="1.0" encoding="UTF-8"?>
<!-- Generated by org.testng.reporters.JUnitReportReporter -->
<testsuite hostname="DESKTOP-PT84KK4" failures="0" tests="1" name="Testcases.Login_TC" time="3.670" errors="0" timestamp="2022-11-16T20:50:20 IST" skipped="0">
  <testcase classname="Testcases.Login_TC" name="demo" time="3.670"/>
  <system-out/>
</testsuite> <!-- Testcases.Login_TC -->
