<?xml version="1.0" encoding="UTF-8"?>
<!-- Generated by org.testng.reporters.JUnitReportReporter -->
<testsuite hostname="DESKTOP-PT84KK4" failures="0" tests="1" name="Test_NG_Basics.parallel_execution_using_xml" time="12.458" errors="0" timestamp="2022-11-11T17:51:30 IST" skipped="0">
  <testcase classname="Test_NG_Basics.parallel_execution_using_xml" name="demo" time="12.458"/>
  <system-out/>
</testsuite> <!-- Test_NG_Basics.parallel_execution_using_xml -->
