<?xml version="1.0" encoding="UTF-8"?>
<!-- Generated by org.testng.reporters.JUnitReportReporter -->
<testsuite hostname="DESKTOP-PT84KK4" failures="0" tests="1" name="POM_Testcases.DWS_cellphones_add_to_cart_Test" time="8.217" errors="0" timestamp="2022-11-19T16:46:57 IST" skipped="0">
  <testcase classname="POM_Testcases.DWS_cellphones_add_to_cart_Test" name="TC13" time="8.217"/>
  <system-out/>
</testsuite> <!-- POM_Testcases.DWS_cellphones_add_to_cart_Test -->
