<?xml version="1.0" encoding="UTF-8"?>
<!-- Generated by org.testng.reporters.JUnitReportReporter -->
<testsuite hostname="DESKTOP-PT84KK4" failures="0" tests="5" name="Test_NG_Basics.Working_with_Depend_on_methods" time="0.033" errors="0" timestamp="2022-11-10T11:19:26 IST" skipped="0">
  <testcase classname="Test_NG_Basics.Working_with_Depend_on_methods" name="wishlist" time="0.005"/>
  <system-out/>
  <testcase classname="Test_NG_Basics.Working_with_Depend_on_methods" name="Login" time="0.002"/>
  <system-out/>
  <testcase classname="Test_NG_Basics.Working_with_Depend_on_methods" name="search" time="0.003"/>
  <system-out/>
  <testcase classname="Test_NG_Basics.Working_with_Depend_on_methods" name="Register" time="0.016"/>
  <system-out/>
  <testcase classname="Test_NG_Basics.Working_with_Depend_on_methods" name="logout" time="0.007"/>
  <system-out/>
</testsuite> <!-- Test_NG_Basics.Working_with_Depend_on_methods -->
