<?xml version="1.0" encoding="UTF-8"?>
<!-- Generated by org.testng.reporters.JUnitReportReporter -->
<testsuite hostname="DESKTOP-PT84KK4" failures="0" tests="1" name="practice_framework.practice_search" time="13.338" errors="0" timestamp="2022-11-17T07:57:45 IST" skipped="0">
  <testcase classname="practice_framework.practice_search" name="amazon_Search" time="13.338"/>
  <system-out/>
</testsuite> <!-- practice_framework.practice_search -->
