<?xml version="1.0" encoding="UTF-8"?>
<!-- Generated by org.testng.reporters.JUnitReportReporter -->
<testsuite hostname="DESKTOP-PT84KK4" failures="0" tests="1" name="POM_Testcases.DWS_digitaldownload_Test" time="0.884" errors="0" timestamp="2022-11-21T16:02:40 IST" skipped="0">
  <testcase classname="POM_Testcases.DWS_digitaldownload_Test" name="TC10" time="0.884"/>
  <system-out/>
</testsuite> <!-- POM_Testcases.DWS_digitaldownload_Test -->
