<?xml version="1.0" encoding="UTF-8"?>
<!-- Generated by org.testng.reporters.JUnitReportReporter -->
<testsuite hostname="DESKTOP-PT84KK4" failures="0" tests="5" name="Test_NG_Basics.Working_with_demowebshop" time="45.384" errors="0" timestamp="2022-11-14T10:37:39 IST" skipped="0">
  <testcase classname="Test_NG_Basics.Working_with_demowebshop" name="demo" time="10.152"/>
  <system-out/>
  <testcase classname="Test_NG_Basics.Working_with_demowebshop" name="demo" time="10.038"/>
  <system-out/>
  <testcase classname="Test_NG_Basics.Working_with_demowebshop" name="demo" time="7.738"/>
  <system-out/>
  <testcase classname="Test_NG_Basics.Working_with_demowebshop" name="demo" time="9.712"/>
  <system-out/>
  <testcase classname="Test_NG_Basics.Working_with_demowebshop" name="demo" time="7.744"/>
  <system-out/>
</testsuite> <!-- Test_NG_Basics.Working_with_demowebshop -->
