<?xml version="1.0" encoding="UTF-8"?>
<!-- Generated by org.testng.reporters.JUnitReportReporter -->
<testsuite hostname="DESKTOP-PT84KK4" failures="0" tests="1" name="POM_Testcases.DWS_jewlry_select_Test" time="6.108" errors="0" timestamp="2022-11-21T16:02:40 IST" skipped="0">
  <testcase classname="POM_Testcases.DWS_jewlry_select_Test" name="TC16" time="6.108"/>
  <system-out/>
</testsuite> <!-- POM_Testcases.DWS_jewlry_select_Test -->
