<?xml version="1.0" encoding="UTF-8"?>
<!-- Generated by org.testng.reporters.JUnitReportReporter -->
<testsuite hostname="DESKTOP-PT84KK4" failures="0" tests="1" name="Test_NG_Basics.Working_with_parallel_execution_usingxml" time="12.952" errors="0" timestamp="2022-11-11T17:51:29 IST" skipped="0">
  <testcase classname="Test_NG_Basics.Working_with_parallel_execution_usingxml" name="demo" time="12.952"/>
  <system-out/>
</testsuite> <!-- Test_NG_Basics.Working_with_parallel_execution_usingxml -->
