<?xml version="1.0" encoding="UTF-8"?>
<!-- Generated by org.testng.reporters.JUnitReportReporter -->
<testsuite hostname="DESKTOP-PT84KK4" failures="0" tests="5" name="Test_NG_Basics.Working_with_parallel_execution" time="48.107" errors="0" timestamp="2022-11-11T12:09:02 IST" skipped="0">
  <testcase classname="Test_NG_Basics.Working_with_parallel_execution" name="paralleldemo" time="10.556"/>
  <system-out/>
  <testcase classname="Test_NG_Basics.Working_with_parallel_execution" name="paralleldemo" time="9.693"/>
  <system-out/>
  <testcase classname="Test_NG_Basics.Working_with_parallel_execution" name="paralleldemo" time="10.722"/>
  <system-out/>
  <testcase classname="Test_NG_Basics.Working_with_parallel_execution" name="paralleldemo" time="9.957"/>
  <system-out/>
  <testcase classname="Test_NG_Basics.Working_with_parallel_execution" name="paralleldemo" time="7.179"/>
  <system-out/>
</testsuite> <!-- Test_NG_Basics.Working_with_parallel_execution -->
