<?xml version="1.0" encoding="UTF-8"?>
<!-- Generated by org.testng.reporters.JUnitReportReporter -->
<testsuite hostname="DESKTOP-PT84KK4" failures="0" tests="1" name="Testcases.Advanced_search" time="1.983" errors="0" timestamp="2022-11-16T20:50:20 IST" skipped="0">
  <testcase classname="Testcases.Advanced_search" name="demo" time="1.983"/>
  <system-out/>
</testsuite> <!-- Testcases.Advanced_search -->
