<?xml version="1.0" encoding="UTF-8"?>
<!-- Generated by org.testng.reporters.JUnitReportReporter -->
<testsuite hostname="DESKTOP-PT84KK4" failures="0" tests="5" name="Test_NG_Basics.Working_with_DataProvider" time="0.054" errors="0" timestamp="2022-11-11T16:00:58 IST" skipped="0">
  <testcase classname="Test_NG_Basics.Working_with_DataProvider" name="testdatademo" time="0.012"/>
  <system-out/>
  <testcase classname="Test_NG_Basics.Working_with_DataProvider" name="testdatademo" time="0.019"/>
  <system-out/>
  <testcase classname="Test_NG_Basics.Working_with_DataProvider" name="testdatademo" time="0.015"/>
  <system-out/>
  <testcase classname="Test_NG_Basics.Working_with_DataProvider" name="testdatademo" time="0.004"/>
  <system-out/>
  <testcase classname="Test_NG_Basics.Working_with_DataProvider" name="testdatademo" time="0.004"/>
  <system-out/>
</testsuite> <!-- Test_NG_Basics.Working_with_DataProvider -->
