<?xml version="1.0" encoding="UTF-8"?>
<!-- Generated by org.testng.reporters.JUnitReportReporter -->
<testsuite hostname="DESKTOP-PT84KK4" failures="0" tests="5" name="Test_NG_Basics.Working_with_Register_provider" time="48.122" errors="0" timestamp="2022-11-11T18:03:52 IST" skipped="0">
  <testcase classname="Test_NG_Basics.Working_with_Register_provider" name="testdatademo" time="8.957"/>
  <system-out/>
  <testcase classname="Test_NG_Basics.Working_with_Register_provider" name="testdatademo" time="9.494"/>
  <system-out/>
  <testcase classname="Test_NG_Basics.Working_with_Register_provider" name="testdatademo" time="9.183"/>
  <system-out/>
  <testcase classname="Test_NG_Basics.Working_with_Register_provider" name="testdatademo" time="10.256"/>
  <system-out/>
  <testcase classname="Test_NG_Basics.Working_with_Register_provider" name="testdatademo" time="10.232"/>
  <system-out/>
</testsuite> <!-- Test_NG_Basics.Working_with_Register_provider -->
