<?xml version="1.0" encoding="UTF-8"?>
<!-- Generated by org.testng.reporters.JUnitReportReporter -->
<testsuite hostname="DESKTOP-PT84KK4" failures="0" tests="2" name="Testcases.Register_TC" time="5.790" errors="0" timestamp="2022-11-16T20:50:20 IST" skipped="0">
  <testcase classname="Testcases.Register_TC" name="demo" time="2.947"/>
  <system-out/>
  <testcase classname="Testcases.Register_TC" name="demo" time="2.843"/>
  <system-out/>
</testsuite> <!-- Testcases.Register_TC -->
