<?xml version="1.0" encoding="UTF-8"?>
<!-- Generated by org.testng.reporters.JUnitReportReporter -->
<testsuite hostname="DESKTOP-PT84KK4" failures="0" tests="1" name="Test_NG_Basics.Working_with_property_file" time="0.018" errors="0" timestamp="2022-11-15T15:28:59 IST" skipped="0">
  <testcase classname="Test_NG_Basics.Working_with_property_file" name="propertydemo" time="0.018"/>
  <system-out/>
</testsuite> <!-- Test_NG_Basics.Working_with_property_file -->
