<?xml version="1.0" encoding="UTF-8"?>
<!-- Generated by org.testng.reporters.JUnitReportReporter -->
<testsuite hostname="DESKTOP-PT84KK4" failures="0" tests="2" name="Test_NG_Basics.alphabetical_order" time="0.021" errors="0" timestamp="2022-11-10T11:13:40 IST" skipped="0">
  <testcase classname="Test_NG_Basics.alphabetical_order" name="medicalshop" time="0.014"/>
  <system-out/>
  <testcase classname="Test_NG_Basics.alphabetical_order" name="vegetableshop" time="0.007"/>
  <system-out/>
</testsuite> <!-- Test_NG_Basics.alphabetical_order -->
