<?xml version="1.0" encoding="UTF-8"?>
<!-- Generated by org.testng.reporters.JUnitReportReporter -->
<testsuite hostname="DESKTOP-PT84KK4" failures="0" tests="2" name="Test_NG_Basics.include_methods" time="0.020" errors="0" timestamp="2022-11-10T12:22:48 IST" skipped="0">
  <testcase classname="Test_NG_Basics.include_methods" name="Register" time="0.017"/>
  <system-out/>
  <testcase classname="Test_NG_Basics.include_methods" name="Login" time="0.003"/>
  <system-out/>
</testsuite> <!-- Test_NG_Basics.include_methods -->
