<?xml version="1.0" encoding="UTF-8"?>
<!-- Generated by org.testng.reporters.JUnitReportReporter -->
<testsuite hostname="DESKTOP-PT84KK4" failures="0" tests="1" name="POM_Testcases.DWS_voting_poll" time="0.191" errors="0" timestamp="2022-11-21T16:02:40 IST" skipped="0">
  <testcase classname="POM_Testcases.DWS_voting_poll" name="TC14" time="0.191"/>
  <system-out/>
</testsuite> <!-- POM_Testcases.DWS_voting_poll -->
