<?xml version="1.0" encoding="UTF-8"?>
<!-- Generated by org.testng.reporters.JUnitReportReporter -->
<testsuite hostname="DESKTOP-PT84KK4" failures="0" tests="1" name="POM_Testcases.DWS_giftcards" time="1.187" errors="0" timestamp="2022-11-19T15:03:10 IST" skipped="0">
  <testcase classname="POM_Testcases.DWS_giftcards" name="TC12" time="1.187"/>
  <system-out/>
</testsuite> <!-- POM_Testcases.DWS_giftcards -->
