<?xml version="1.0" encoding="UTF-8"?>
<!-- Generated by org.testng.reporters.JUnitReportReporter -->
<testsuite hostname="DESKTOP-PT84KK4" failures="0" tests="1" name="POM_Testcases.DWS_search" time="0.274" errors="0" timestamp="2022-11-19T13:04:02 IST" skipped="0">
  <testcase classname="POM_Testcases.DWS_search" name="TC02" time="0.274"/>
  <system-out/>
</testsuite> <!-- POM_Testcases.DWS_search -->
